<?xml version="1.0" encoding="UTF-8"?>
<!-- Generated by org.testng.reporters.JUnitReportReporter -->
<testsuite skipped="0" hostname="DESKTOP-Q50PKRU" name="tests.UserRegistrationAndLoginTest" tests="3" failures="0" timestamp="2020-07-13T16:50:54 EET" time="16.312" errors="0">
  <testcase name="registrationSuccss" time="7.891" classname="tests.UserRegistrationAndLoginTest"/>
  <system-out/>
  <testcase name="logoutSuccss" time="2.854" classname="tests.UserRegistrationAndLoginTest"/>
  <system-out/>
  <testcase name="loginSuccss" time="5.567" classname="tests.UserRegistrationAndLoginTest"/>
  <system-out/>
</testsuite> <!-- tests.UserRegistrationAndLoginTest -->
