<?xml version="1.0" encoding="UTF-8"?>
<!-- Generated by org.testng.reporters.JUnitReportReporter -->
<testsuite skipped="0" hostname="DESKTOP-Q50PKRU" name="tests.AddProductReviewTest" tests="3" failures="0" timestamp="2020-07-26T00:33:58 EET" time="77.106" errors="0">
  <testcase name="UserRegistrationSuccss" time="6.270" classname="tests.AddProductReviewTest"/>
  <system-out/>
  <testcase name="userSearchByAutoSuggest" time="4.797" classname="tests.AddProductReviewTest"/>
  <system-out/>
  <testcase name="userReviewProduct" time="66.039" classname="tests.AddProductReviewTest"/>
  <system-out/>
</testsuite> <!-- tests.AddProductReviewTest -->
