<?xml version="1.0" encoding="UTF-8"?>
<!-- Generated by org.testng.reporters.JUnitReportReporter -->
<testsuite skipped="0" hostname="DESKTOP-Q50PKRU" name="tests.EmailProductToFriendTest" tests="3" failures="0" timestamp="2020-07-25T00:18:24 EET" time="18.858" errors="0">
  <testcase name="UserRegistrationSuccss" time="7.450" classname="tests.EmailProductToFriendTest"/>
  <system-out/>
  <testcase name="userSearchByAutoSuggest" time="7.673" classname="tests.EmailProductToFriendTest"/>
  <system-out/>
  <testcase name="userEmailAproductToFriend" time="3.735" classname="tests.EmailProductToFriendTest"/>
  <system-out/>
</testsuite> <!-- tests.EmailProductToFriendTest -->
