<?xml version="1.0" encoding="UTF-8"?>
<!-- Generated by org.testng.reporters.JUnitReportReporter -->
<testsuite skipped="0" hostname="DESKTOP-Q50PKRU" name="tests.GuestUserCheckoutTest" tests="2" failures="0" timestamp="2020-08-06T17:36:32 EET" time="29.764" errors="0">
  <testcase name="userAddProductsToShoppingCart" time="15.596" classname="tests.GuestUserCheckoutTest"/>
  <system-out/>
  <testcase name="gestUserCanChechoutProduct" time="14.168" classname="tests.GuestUserCheckoutTest"/>
  <system-out/>
</testsuite> <!-- tests.GuestUserCheckoutTest -->
