<?xml version="1.0" encoding="UTF-8"?>
<!-- Generated by org.testng.reporters.JUnitReportReporter -->
<testsuite skipped="0" hostname="DESKTOP-Q50PKRU" name="tests.CompareListAddAndRemoveTest" tests="2" failures="0" timestamp="2020-07-30T02:32:49 EET" time="27.484" errors="0">
  <testcase name="userAddProductsToCompareList" time="17.975" classname="tests.CompareListAddAndRemoveTest"/>
  <system-out/>
  <testcase name="userRemoveProductsFromeCompareList" time="9.509" classname="tests.CompareListAddAndRemoveTest"/>
  <system-out/>
</testsuite> <!-- tests.CompareListAddAndRemoveTest -->
