<?xml version="1.0" encoding="UTF-8"?>
<!-- Generated by org.testng.reporters.JUnitReportReporter -->
<testsuite skipped="0" hostname="DESKTOP-Q50PKRU" name="tests.ShoppingCartAddAndRemoveProductsTest" tests="2" failures="0" timestamp="2020-08-05T12:40:44 EET" time="25.731" errors="0">
  <testcase name="userAddProductsToShoppingCart" time="12.346" classname="tests.ShoppingCartAddAndRemoveProductsTest"/>
  <system-out/>
  <testcase name="userRemoveProductsFromeShoppingCart" time="13.385" classname="tests.ShoppingCartAddAndRemoveProductsTest"/>
  <system-out/>
</testsuite> <!-- tests.ShoppingCartAddAndRemoveProductsTest -->
