<?xml version="1.0" encoding="UTF-8"?>
<!-- Generated by org.testng.reporters.JUnitReportReporter -->
<testsuite skipped="0" hostname="DESKTOP-Q50PKRU" name="tests.SearchUsingAutoSuggestTest" tests="1" failures="0" timestamp="2020-07-25T00:04:55 EET" time="9.583" errors="0">
  <testcase name="searchByAutoSuggest" time="9.583" classname="tests.SearchUsingAutoSuggestTest"/>
  <system-out/>
</testsuite> <!-- tests.SearchUsingAutoSuggestTest -->
