<?xml version="1.0" encoding="UTF-8"?>
<!-- Generated by org.testng.reporters.JUnitReportReporter -->
<testsuite skipped="0" hostname="DESKTOP-Q50PKRU" name="tests.ChangePasswordTest" tests="4" failures="0" timestamp="2020-07-13T22:11:31 EET" time="27.131" errors="0">
  <testcase name="registrationSuccss" time="12.529" classname="tests.ChangePasswordTest"/>
  <system-out/>
  <testcase name="changePasswordSuccss" time="6.366" classname="tests.ChangePasswordTest"/>
  <system-out/>
  <testcase name="logoutSuccss" time="4.336" classname="tests.ChangePasswordTest"/>
  <system-out/>
  <testcase name="loginSuccss" time="3.900" classname="tests.ChangePasswordTest"/>
  <system-out/>
</testsuite> <!-- tests.ChangePasswordTest -->
