<?xml version="1.0" encoding="UTF-8"?>
<!-- Generated by org.testng.reporters.JUnitReportReporter -->
<testsuite skipped="0" hostname="DESKTOP-Q50PKRU" name="tests.UserRegistrationAndLoginTest2" tests="4" failures="0" timestamp="2020-08-20T00:09:24 EET" time="95.472" errors="0">
  <testcase name="userRegistrationSuccss" time="33.583" classname="tests.UserRegistrationAndLoginTest2"/>
  <system-out/>
  <testcase name="userRegistrationSuccss" time="12.084" classname="tests.UserRegistrationAndLoginTest2"/>
  <system-out/>
  <testcase name="userLoginSuccss" time="17.231" classname="tests.UserRegistrationAndLoginTest2"/>
  <system-out/>
  <testcase name="userLoginSuccss" time="32.574" classname="tests.UserRegistrationAndLoginTest2"/>
  <system-out/>
</testsuite> <!-- tests.UserRegistrationAndLoginTest2 -->
