<?xml version="1.0" encoding="UTF-8"?>
<!-- Generated by org.testng.reporters.JUnitReportReporter -->
<testsuite skipped="0" hostname="DESKTOP-Q50PKRU" name="tests.SearchUsingAutoSuggestTest" tests="1" failures="0" timestamp="2020-07-28T02:19:31 EET" time="7.188" errors="0">
  <testcase name="userSearchByAutoSuggest" time="7.188" classname="tests.SearchUsingAutoSuggestTest"/>
  <system-out/>
</testsuite> <!-- tests.SearchUsingAutoSuggestTest -->
