<?xml version="1.0" encoding="UTF-8"?>
<!-- Generated by org.testng.reporters.JUnitReportReporter -->
<testsuite skipped="0" hostname="DESKTOP-Q50PKRU" name="tests.UserRegistrationTest" tests="1" failures="0" timestamp="2020-07-13T15:43:35 EET" time="8.350" errors="0">
  <testcase name="registrationSuccss" time="8.350" classname="tests.UserRegistrationTest"/>
  <system-out/>
</testsuite> <!-- tests.UserRegistrationTest -->
