<?xml version="1.0" encoding="UTF-8"?>
<!-- Generated by org.testng.reporters.JUnitReportReporter -->
<testsuite skipped="0" hostname="DESKTOP-Q50PKRU" name="tests.WishlistAddAndRemoveTest" tests="2" failures="0" timestamp="2020-07-30T00:53:35 EET" time="27.537" errors="0">
  <testcase name="userAddProductsToWishlist" time="18.207" classname="tests.WishlistAddAndRemoveTest"/>
  <system-out/>
  <testcase name="userRemoveFromWishlistAndAddToCart" time="9.330" classname="tests.WishlistAddAndRemoveTest"/>
  <system-out/>
</testsuite> <!-- tests.WishlistAddAndRemoveTest -->
