<?xml version="1.0" encoding="UTF-8"?>
<!-- Generated by org.testng.reporters.JUnitReportReporter -->
<testsuite skipped="0" hostname="DESKTOP-Q50PKRU" name="tests.SearchForProductTest" tests="1" failures="0" timestamp="2020-07-23T21:43:54 EET" time="13.322" errors="0">
  <testcase name="UserSearchForProduct" time="13.322" classname="tests.SearchForProductTest"/>
  <system-out/>
</testsuite> <!-- tests.SearchForProductTest -->
