<?xml version="1.0" encoding="UTF-8"?>
<!-- Generated by org.testng.reporters.JUnitReportReporter -->
<testsuite skipped="0" hostname="DESKTOP-Q50PKRU" name="tests.RegisterdUserCheckoutProductTest" tests="3" failures="0" timestamp="2020-08-06T17:03:37 EET" time="47.496" errors="0">
  <testcase name="userAddProductsToShoppingCart" time="15.390" classname="tests.RegisterdUserCheckoutProductTest"/>
  <system-out/>
  <testcase name="registerUserCanChechoutProduct" time="26.958" classname="tests.RegisterdUserCheckoutProductTest"/>
  <system-out/>
  <testcase name="userLogoutSuccss" time="5.148" classname="tests.RegisterdUserCheckoutProductTest"/>
  <system-out/>
</testsuite> <!-- tests.RegisterdUserCheckoutProductTest -->
