<?xml version="1.0" encoding="UTF-8"?>
<!-- Generated by org.testng.reporters.JUnitReportReporter -->
<testsuite skipped="0" hostname="DESKTOP-Q50PKRU" name="tests.ChangeCurrencyTest" tests="2" failures="0" timestamp="2020-07-24T23:10:57 EET" time="9.098" errors="0">
  <testcase name="searchByAutoSuggest" time="6.081" classname="tests.ChangeCurrencyTest"/>
  <system-out/>
  <testcase name="userChangeCurrency" time="3.017" classname="tests.ChangeCurrencyTest"/>
  <system-out/>
</testsuite> <!-- tests.ChangeCurrencyTest -->
