<?xml version="1.0" encoding="UTF-8"?>
<!-- Generated by org.testng.reporters.JUnitReportReporter -->
<testsuite skipped="0" hostname="DESKTOP-Q50PKRU" name="tests.SendEnquiryViaContactUsTest" tests="1" failures="0" timestamp="2020-07-23T22:52:33 EET" time="17.642" errors="0">
  <testcase name="userSendEnquirySuccss" time="17.642" classname="tests.SendEnquiryViaContactUsTest"/>
  <system-out/>
</testsuite> <!-- tests.SendEnquiryViaContactUsTest -->
