<?xml version="1.0" encoding="UTF-8"?>
<!-- Generated by org.testng.reporters.JUnitReportReporter -->
<testsuite skipped="0" hostname="DESKTOP-Q50PKRU" name="tests.UserRegistrationAndLoginTest" tests="3" failures="0" timestamp="2020-08-06T17:50:48 EET" time="22.705" errors="0">
  <testcase name="userRegistrationSuccss" time="8.258" classname="tests.UserRegistrationAndLoginTest"/>
  <system-out/>
  <testcase name="userLogoutSuccss" time="3.341" classname="tests.UserRegistrationAndLoginTest"/>
  <system-out/>
  <testcase name="userLoginSuccss" time="11.106" classname="tests.UserRegistrationAndLoginTest"/>
  <system-out/>
</testsuite> <!-- tests.UserRegistrationAndLoginTest -->
